[2020-08-31 11:42:48] local.ERROR: file_put_contents(D:\Progs\server\xampp\htdocs\rl-drop\storage\framework\views/c10f7e005e7cb045adeb25329812b1fa85084920.php): failed to open stream: No such file or directory {"exception":"[object] (ErrorException(code: 0): file_put_contents(D:\\Progs\\server\\xampp\\htdocs\l-drop\\storage\\framework\\views/c10f7e005e7cb045adeb25329812b1fa85084920.php): failed to open stream: No such file or directory at /home/dmitriy/projects/rl-drop/rl-drop-back/vendor/laravel/framework/src/Illuminate/Filesystem/Filesystem.php:135)
[stacktrace]
#0 [internal function]: Illuminate\\Foundation\\Bootstrap\\HandleExceptions->handleError()
#1 /home/dmitriy/projects/rl-drop/rl-drop-back/vendor/laravel/framework/src/Illuminate/Filesystem/Filesystem.php(135): file_put_contents()
#2 /home/dmitriy/projects/rl-drop/rl-drop-back/vendor/laravel/framework/src/Illuminate/View/Compilers/BladeCompiler.php(150): Illuminate\\Filesystem\\Filesystem->put()
#3 /home/dmitriy/projects/rl-drop/rl-drop-back/vendor/laravel/framework/src/Illuminate/View/Engines/CompilerEngine.php(51): Illuminate\\View\\Compilers\\BladeCompiler->compile()
#4 /home/dmitriy/projects/rl-drop/rl-drop-back/vendor/facade/ignition/src/Views/Engines/CompilerEngine.php(37): Illuminate\\View\\Engines\\CompilerEngine->get()
#5 /home/dmitriy/projects/rl-drop/rl-drop-back/vendor/laravel/framework/src/Illuminate/View/View.php(139): Facade\\Ignition\\Views\\Engines\\CompilerEngine->get()
#6 /home/dmitriy/projects/rl-drop/rl-drop-back/vendor/laravel/framework/src/Illuminate/View/View.php(122): Illuminate\\View\\View->getContents()
#7 /home/dmitriy/projects/rl-drop/rl-drop-back/vendor/laravel/framework/src/Illuminate/View/View.php(91): Illuminate\\View\\View->renderContents()
#8 /home/dmitriy/projects/rl-drop/rl-drop-back/vendor/laravel/framework/src/Illuminate/Http/Response.php(62): Illuminate\\View\\View->render()
#9 /home/dmitriy/projects/rl-drop/rl-drop-back/vendor/laravel/framework/src/Illuminate/Http/Response.php(34): Illuminate\\Http\\Response->setContent()
#10 /home/dmitriy/projects/rl-drop/rl-drop-back/vendor/laravel/framework/src/Illuminate/Routing/ResponseFactory.php(55): Illuminate\\Http\\Response->__construct()
#11 /home/dmitriy/projects/rl-drop/rl-drop-back/vendor/laravel/framework/src/Illuminate/Routing/ResponseFactory.php(85): Illuminate\\Routing\\ResponseFactory->make()
#12 /home/dmitriy/projects/rl-drop/rl-drop-back/vendor/laravel/framework/src/Illuminate/Foundation/Exceptions/Handler.php(408): Illuminate\\Routing\\ResponseFactory->view()
#13 /home/dmitriy/projects/rl-drop/rl-drop-back/vendor/laravel/framework/src/Illuminate/Foundation/Exceptions/Handler.php(313): Illuminate\\Foundation\\Exceptions\\Handler->renderHttpException()
#14 /home/dmitriy/projects/rl-drop/rl-drop-back/vendor/laravel/framework/src/Illuminate/Foundation/Exceptions/Handler.php(210): Illuminate\\Foundation\\Exceptions\\Handler->prepareResponse()
#15 /home/dmitriy/projects/rl-drop/rl-drop-back/app/Exceptions/Handler.php(65): Illuminate\\Foundation\\Exceptions\\Handler->render()
#16 /home/dmitriy/projects/rl-drop/rl-drop-back/vendor/laravel/framework/src/Illuminate/Routing/Pipeline.php(51): App\\Exceptions\\Handler->render()
#17 /home/dmitriy/projects/rl-drop/rl-drop-back/vendor/laravel/framework/src/Illuminate/Pipeline/Pipeline.php(130): Illuminate\\Routing\\Pipeline->handleException()
#18 /home/dmitriy/projects/rl-drop/rl-drop-back/vendor/laravel/framework/src/Illuminate/Foundation/Http/Middleware/TransformsRequest.php(21): Illuminate\\Pipeline\\Pipeline->Illuminate\\Pipeline\\{closure}()
#19 /home/dmitriy/projects/rl-drop/rl-drop-back/vendor/laravel/framework/src/Illuminate/Pipeline/Pipeline.php(167): Illuminate\\Foundation\\Http\\Middleware\\TransformsRequest->handle()
#20 /home/dmitriy/projects/rl-drop/rl-drop-back/vendor/laravel/framework/src/Illuminate/Foundation/Http/Middleware/TransformsRequest.php(21): Illuminate\\Pipeline\\Pipeline->Illuminate\\Pipeline\\{closure}()
#21 /home/dmitriy/projects/rl-drop/rl-drop-back/vendor/laravel/framework/src/Illuminate/Pipeline/Pipeline.php(167): Illuminate\\Foundation\\Http\\Middleware\\TransformsRequest->handle()
#22 /home/dmitriy/projects/rl-drop/rl-drop-back/vendor/laravel/framework/src/Illuminate/Foundation/Http/Middleware/ValidatePostSize.php(27): Illuminate\\Pipeline\\Pipeline->Illuminate\\Pipeline\\{closure}()
#23 /home/dmitriy/projects/rl-drop/rl-drop-back/vendor/laravel/framework/src/Illuminate/Pipeline/Pipeline.php(167): Illuminate\\Foundation\\Http\\Middleware\\ValidatePostSize->handle()
#24 /home/dmitriy/projects/rl-drop/rl-drop-back/vendor/laravel/framework/src/Illuminate/Foundation/Http/Middleware/CheckForMaintenanceMode.php(63): Illuminate\\Pipeline\\Pipeline->Illuminate\\Pipeline\\{closure}()
#25 /home/dmitriy/projects/rl-drop/rl-drop-back/vendor/laravel/framework/src/Illuminate/Pipeline/Pipeline.php(167): Illuminate\\Foundation\\Http\\Middleware\\CheckForMaintenanceMode->handle()
#26 /home/dmitriy/projects/rl-drop/rl-drop-back/vendor/fruitcake/laravel-cors/src/HandleCors.php(37): Illuminate\\Pipeline\\Pipeline->Illuminate\\Pipeline\\{closure}()
#27 /home/dmitriy/projects/rl-drop/rl-drop-back/vendor/laravel/framework/src/Illuminate/Pipeline/Pipeline.php(167): Fruitcake\\Cors\\HandleCors->handle()
#28 /home/dmitriy/projects/rl-drop/rl-drop-back/vendor/fideloper/proxy/src/TrustProxies.php(57): Illuminate\\Pipeline\\Pipeline->Illuminate\\Pipeline\\{closure}()
#29 /home/dmitriy/projects/rl-drop/rl-drop-back/vendor/laravel/framework/src/Illuminate/Pipeline/Pipeline.php(167): Fideloper\\Proxy\\TrustProxies->handle()
#30 /home/dmitriy/projects/rl-drop/rl-drop-back/vendor/laravel/framework/src/Illuminate/Pipeline/Pipeline.php(103): Illuminate\\Pipeline\\Pipeline->Illuminate\\Pipeline\\{closure}()
#31 /home/dmitriy/projects/rl-drop/rl-drop-back/vendor/laravel/framework/src/Illuminate/Foundation/Http/Kernel.php(140): Illuminate\\Pipeline\\Pipeline->then()
#32 /home/dmitriy/projects/rl-drop/rl-drop-back/vendor/laravel/framework/src/Illuminate/Foundation/Http/Kernel.php(109): Illuminate\\Foundation\\Http\\Kernel->sendRequestThroughRouter()
#33 /home/dmitriy/projects/rl-drop/rl-drop-back/public/index.php(55): Illuminate\\Foundation\\Http\\Kernel->handle()
#34 /home/dmitriy/projects/rl-drop/rl-drop-back/server.php(21): require_once('/home/dmitriy/p...')
#35 {main}
"} 
[2020-08-31 11:42:48] local.ERROR: View [welcome] not found. {"exception":"[object] (InvalidArgumentException(code: 0): View [welcome] not found. at /home/dmitriy/projects/rl-drop/rl-drop-back/vendor/laravel/framework/src/Illuminate/View/FileViewFinder.php:137)
[stacktrace]
#0 /home/dmitriy/projects/rl-drop/rl-drop-back/vendor/laravel/framework/src/Illuminate/View/FileViewFinder.php(79): Illuminate\\View\\FileViewFinder->findInPaths()
#1 /home/dmitriy/projects/rl-drop/rl-drop-back/vendor/laravel/framework/src/Illuminate/View/Factory.php(131): Illuminate\\View\\FileViewFinder->find()
#2 /home/dmitriy/projects/rl-drop/rl-drop-back/vendor/laravel/framework/src/Illuminate/Foundation/helpers.php(961): Illuminate\\View\\Factory->make()
#3 /home/dmitriy/projects/rl-drop/rl-drop-back/routes/web.php(17): view()
#4 /home/dmitriy/projects/rl-drop/rl-drop-back/vendor/laravel/framework/src/Illuminate/Routing/Route.php(225): Illuminate\\Routing\\RouteFileRegistrar->{closure}()
#5 /home/dmitriy/projects/rl-drop/rl-drop-back/vendor/laravel/framework/src/Illuminate/Routing/Route.php(199): Illuminate\\Routing\\Route->runCallable()
#6 /home/dmitriy/projects/rl-drop/rl-drop-back/vendor/laravel/framework/src/Illuminate/Routing/Router.php(685): Illuminate\\Routing\\Route->run()
#7 /home/dmitriy/projects/rl-drop/rl-drop-back/vendor/laravel/framework/src/Illuminate/Pipeline/Pipeline.php(128): Illuminate\\Routing\\Router->Illuminate\\Routing\\{closure}()
#8 /home/dmitriy/projects/rl-drop/rl-drop-back/vendor/laravel/framework/src/Illuminate/Routing/Middleware/SubstituteBindings.php(41): Illuminate\\Pipeline\\Pipeline->Illuminate\\Pipeline\\{closure}()
#9 /home/dmitriy/projects/rl-drop/rl-drop-back/vendor/laravel/framework/src/Illuminate/Pipeline/Pipeline.php(167): Illuminate\\Routing\\Middleware\\SubstituteBindings->handle()
#10 /home/dmitriy/projects/rl-drop/rl-drop-back/vendor/laravel/framework/src/Illuminate/Foundation/Http/Middleware/VerifyCsrfToken.php(77): Illuminate\\Pipeline\\Pipeline->Illuminate\\Pipeline\\{closure}()
#11 /home/dmitriy/projects/rl-drop/rl-drop-back/vendor/laravel/framework/src/Illuminate/Pipeline/Pipeline.php(167): Illuminate\\Foundation\\Http\\Middleware\\VerifyCsrfToken->handle()
#12 /home/dmitriy/projects/rl-drop/rl-drop-back/vendor/laravel/framework/src/Illuminate/View/Middleware/ShareErrorsFromSession.php(49): Illuminate\\Pipeline\\Pipeline->Illuminate\\Pipeline\\{closure}()
#13 /home/dmitriy/projects/rl-drop/rl-drop-back/vendor/laravel/framework/src/Illuminate/Pipeline/Pipeline.php(167): Illuminate\\View\\Middleware\\ShareErrorsFromSession->handle()
#14 /home/dmitriy/projects/rl-drop/rl-drop-back/vendor/laravel/framework/src/Illuminate/Session/Middleware/StartSession.php(116): Illuminate\\Pipeline\\Pipeline->Illuminate\\Pipeline\\{closure}()
#15 /home/dmitriy/projects/rl-drop/rl-drop-back/vendor/laravel/framework/src/Illuminate/Session/Middleware/StartSession.php(62): Illuminate\\Session\\Middleware\\StartSession->handleStatefulRequest()
#16 /home/dmitriy/projects/rl-drop/rl-drop-back/vendor/laravel/framework/src/Illuminate/Pipeline/Pipeline.php(167): Illuminate\\Session\\Middleware\\StartSession->handle()
#17 /home/dmitriy/projects/rl-drop/rl-drop-back/vendor/laravel/framework/src/Illuminate/Cookie/Middleware/AddQueuedCookiesToResponse.php(37): Illuminate\\Pipeline\\Pipeline->Illuminate\\Pipeline\\{closure}()
#18 /home/dmitriy/projects/rl-drop/rl-drop-back/vendor/laravel/framework/src/Illuminate/Pipeline/Pipeline.php(167): Illuminate\\Cookie\\Middleware\\AddQueuedCookiesToResponse->handle()
#19 /home/dmitriy/projects/rl-drop/rl-drop-back/vendor/laravel/framework/src/Illuminate/Cookie/Middleware/EncryptCookies.php(67): Illuminate\\Pipeline\\Pipeline->Illuminate\\Pipeline\\{closure}()
#20 /home/dmitriy/projects/rl-drop/rl-drop-back/vendor/laravel/framework/src/Illuminate/Pipeline/Pipeline.php(167): Illuminate\\Cookie\\Middleware\\EncryptCookies->handle()
#21 /home/dmitriy/projects/rl-drop/rl-drop-back/vendor/laravel/framework/src/Illuminate/Pipeline/Pipeline.php(103): Illuminate\\Pipeline\\Pipeline->Illuminate\\Pipeline\\{closure}()
#22 /home/dmitriy/projects/rl-drop/rl-drop-back/vendor/laravel/framework/src/Illuminate/Routing/Router.php(687): Illuminate\\Pipeline\\Pipeline->then()
#23 /home/dmitriy/projects/rl-drop/rl-drop-back/vendor/laravel/framework/src/Illuminate/Routing/Router.php(662): Illuminate\\Routing\\Router->runRouteWithinStack()
#24 /home/dmitriy/projects/rl-drop/rl-drop-back/vendor/laravel/framework/src/Illuminate/Routing/Router.php(628): Illuminate\\Routing\\Router->runRoute()
#25 /home/dmitriy/projects/rl-drop/rl-drop-back/vendor/laravel/framework/src/Illuminate/Routing/Router.php(617): Illuminate\\Routing\\Router->dispatchToRoute()
#26 /home/dmitriy/projects/rl-drop/rl-drop-back/vendor/laravel/framework/src/Illuminate/Foundation/Http/Kernel.php(165): Illuminate\\Routing\\Router->dispatch()
#27 /home/dmitriy/projects/rl-drop/rl-drop-back/vendor/laravel/framework/src/Illuminate/Pipeline/Pipeline.php(128): Illuminate\\Foundation\\Http\\Kernel->Illuminate\\Foundation\\Http\\{closure}()
#28 /home/dmitriy/projects/rl-drop/rl-drop-back/vendor/laravel/framework/src/Illuminate/Foundation/Http/Middleware/TransformsRequest.php(21): Illuminate\\Pipeline\\Pipeline->Illuminate\\Pipeline\\{closure}()
#29 /home/dmitriy/projects/rl-drop/rl-drop-back/vendor/laravel/framework/src/Illuminate/Pipeline/Pipeline.php(167): Illuminate\\Foundation\\Http\\Middleware\\TransformsRequest->handle()
#30 /home/dmitriy/projects/rl-drop/rl-drop-back/vendor/laravel/framework/src/Illuminate/Foundation/Http/Middleware/TransformsRequest.php(21): Illuminate\\Pipeline\\Pipeline->Illuminate\\Pipeline\\{closure}()
#31 /home/dmitriy/projects/rl-drop/rl-drop-back/vendor/laravel/framework/src/Illuminate/Pipeline/Pipeline.php(167): Illuminate\\Foundation\\Http\\Middleware\\TransformsRequest->handle()
#32 /home/dmitriy/projects/rl-drop/rl-drop-back/vendor/laravel/framework/src/Illuminate/Foundation/Http/Middleware/ValidatePostSize.php(27): Illuminate\\Pipeline\\Pipeline->Illuminate\\Pipeline\\{closure}()
#33 /home/dmitriy/projects/rl-drop/rl-drop-back/vendor/laravel/framework/src/Illuminate/Pipeline/Pipeline.php(167): Illuminate\\Foundation\\Http\\Middleware\\ValidatePostSize->handle()
#34 /home/dmitriy/projects/rl-drop/rl-drop-back/vendor/laravel/framework/src/Illuminate/Foundation/Http/Middleware/CheckForMaintenanceMode.php(63): Illuminate\\Pipeline\\Pipeline->Illuminate\\Pipeline\\{closure}()
#35 /home/dmitriy/projects/rl-drop/rl-drop-back/vendor/laravel/framework/src/Illuminate/Pipeline/Pipeline.php(167): Illuminate\\Foundation\\Http\\Middleware\\CheckForMaintenanceMode->handle()
#36 /home/dmitriy/projects/rl-drop/rl-drop-back/vendor/fruitcake/laravel-cors/src/HandleCors.php(37): Illuminate\\Pipeline\\Pipeline->Illuminate\\Pipeline\\{closure}()
#37 /home/dmitriy/projects/rl-drop/rl-drop-back/vendor/laravel/framework/src/Illuminate/Pipeline/Pipeline.php(167): Fruitcake\\Cors\\HandleCors->handle()
#38 /home/dmitriy/projects/rl-drop/rl-drop-back/vendor/fideloper/proxy/src/TrustProxies.php(57): Illuminate\\Pipeline\\Pipeline->Illuminate\\Pipeline\\{closure}()
#39 /home/dmitriy/projects/rl-drop/rl-drop-back/vendor/laravel/framework/src/Illuminate/Pipeline/Pipeline.php(167): Fideloper\\Proxy\\TrustProxies->handle()
#40 /home/dmitriy/projects/rl-drop/rl-drop-back/vendor/laravel/framework/src/Illuminate/Pipeline/Pipeline.php(103): Illuminate\\Pipeline\\Pipeline->Illuminate\\Pipeline\\{closure}()
#41 /home/dmitriy/projects/rl-drop/rl-drop-back/vendor/laravel/framework/src/Illuminate/Foundation/Http/Kernel.php(140): Illuminate\\Pipeline\\Pipeline->then()
#42 /home/dmitriy/projects/rl-drop/rl-drop-back/vendor/laravel/framework/src/Illuminate/Foundation/Http/Kernel.php(109): Illuminate\\Foundation\\Http\\Kernel->sendRequestThroughRouter()
#43 /home/dmitriy/projects/rl-drop/rl-drop-back/public/index.php(55): Illuminate\\Foundation\\Http\\Kernel->handle()
#44 /home/dmitriy/projects/rl-drop/rl-drop-back/server.php(21): require_once('/home/dmitriy/p...')
#45 {main}
"} 
[2020-08-31 11:42:48] local.ERROR: file_put_contents(D:\Progs\server\xampp\htdocs\rl-drop\storage\framework/sessions/xlbsdpW598Pp0Czj1W4zl5Fu8AzQuXa5TDo94wuO): failed to open stream: No such file or directory {"exception":"[object] (ErrorException(code: 0): file_put_contents(D:\\Progs\\server\\xampp\\htdocs\l-drop\\storage\\framework/sessions/xlbsdpW598Pp0Czj1W4zl5Fu8AzQuXa5TDo94wuO): failed to open stream: No such file or directory at /home/dmitriy/projects/rl-drop/rl-drop-back/vendor/laravel/framework/src/Illuminate/Filesystem/Filesystem.php:135)
[stacktrace]
#0 [internal function]: Illuminate\\Foundation\\Bootstrap\\HandleExceptions->handleError()
#1 /home/dmitriy/projects/rl-drop/rl-drop-back/vendor/laravel/framework/src/Illuminate/Filesystem/Filesystem.php(135): file_put_contents()
#2 /home/dmitriy/projects/rl-drop/rl-drop-back/vendor/laravel/framework/src/Illuminate/Session/FileSessionHandler.php(83): Illuminate\\Filesystem\\Filesystem->put()
#3 /home/dmitriy/projects/rl-drop/rl-drop-back/vendor/laravel/framework/src/Illuminate/Session/Store.php(129): Illuminate\\Session\\FileSessionHandler->write()
#4 /home/dmitriy/projects/rl-drop/rl-drop-back/vendor/laravel/framework/src/Illuminate/Session/Middleware/StartSession.php(231): Illuminate\\Session\\Store->save()
#5 /home/dmitriy/projects/rl-drop/rl-drop-back/vendor/laravel/framework/src/Illuminate/Session/Middleware/StartSession.php(125): Illuminate\\Session\\Middleware\\StartSession->saveSession()
#6 /home/dmitriy/projects/rl-drop/rl-drop-back/vendor/laravel/framework/src/Illuminate/Session/Middleware/StartSession.php(62): Illuminate\\Session\\Middleware\\StartSession->handleStatefulRequest()
#7 /home/dmitriy/projects/rl-drop/rl-drop-back/vendor/laravel/framework/src/Illuminate/Pipeline/Pipeline.php(167): Illuminate\\Session\\Middleware\\StartSession->handle()
#8 /home/dmitriy/projects/rl-drop/rl-drop-back/vendor/laravel/framework/src/Illuminate/Cookie/Middleware/AddQueuedCookiesToResponse.php(37): Illuminate\\Pipeline\\Pipeline->Illuminate\\Pipeline\\{closure}()
#9 /home/dmitriy/projects/rl-drop/rl-drop-back/vendor/laravel/framework/src/Illuminate/Pipeline/Pipeline.php(167): Illuminate\\Cookie\\Middleware\\AddQueuedCookiesToResponse->handle()
#10 /home/dmitriy/projects/rl-drop/rl-drop-back/vendor/laravel/framework/src/Illuminate/Cookie/Middleware/EncryptCookies.php(67): Illuminate\\Pipeline\\Pipeline->Illuminate\\Pipeline\\{closure}()
#11 /home/dmitriy/projects/rl-drop/rl-drop-back/vendor/laravel/framework/src/Illuminate/Pipeline/Pipeline.php(167): Illuminate\\Cookie\\Middleware\\EncryptCookies->handle()
#12 /home/dmitriy/projects/rl-drop/rl-drop-back/vendor/laravel/framework/src/Illuminate/Pipeline/Pipeline.php(103): Illuminate\\Pipeline\\Pipeline->Illuminate\\Pipeline\\{closure}()
#13 /home/dmitriy/projects/rl-drop/rl-drop-back/vendor/laravel/framework/src/Illuminate/Routing/Router.php(687): Illuminate\\Pipeline\\Pipeline->then()
#14 /home/dmitriy/projects/rl-drop/rl-drop-back/vendor/laravel/framework/src/Illuminate/Routing/Router.php(662): Illuminate\\Routing\\Router->runRouteWithinStack()
#15 /home/dmitriy/projects/rl-drop/rl-drop-back/vendor/laravel/framework/src/Illuminate/Routing/Router.php(628): Illuminate\\Routing\\Router->runRoute()
#16 /home/dmitriy/projects/rl-drop/rl-drop-back/vendor/laravel/framework/src/Illuminate/Routing/Router.php(617): Illuminate\\Routing\\Router->dispatchToRoute()
#17 /home/dmitriy/projects/rl-drop/rl-drop-back/vendor/laravel/framework/src/Illuminate/Foundation/Http/Kernel.php(165): Illuminate\\Routing\\Router->dispatch()
#18 /home/dmitriy/projects/rl-drop/rl-drop-back/vendor/laravel/framework/src/Illuminate/Pipeline/Pipeline.php(128): Illuminate\\Foundation\\Http\\Kernel->Illuminate\\Foundation\\Http\\{closure}()
#19 /home/dmitriy/projects/rl-drop/rl-drop-back/vendor/laravel/framework/src/Illuminate/Foundation/Http/Middleware/TransformsRequest.php(21): Illuminate\\Pipeline\\Pipeline->Illuminate\\Pipeline\\{closure}()
#20 /home/dmitriy/projects/rl-drop/rl-drop-back/vendor/laravel/framework/src/Illuminate/Pipeline/Pipeline.php(167): Illuminate\\Foundation\\Http\\Middleware\\TransformsRequest->handle()
#21 /home/dmitriy/projects/rl-drop/rl-drop-back/vendor/laravel/framework/src/Illuminate/Foundation/Http/Middleware/TransformsRequest.php(21): Illuminate\\Pipeline\\Pipeline->Illuminate\\Pipeline\\{closure}()
#22 /home/dmitriy/projects/rl-drop/rl-drop-back/vendor/laravel/framework/src/Illuminate/Pipeline/Pipeline.php(167): Illuminate\\Foundation\\Http\\Middleware\\TransformsRequest->handle()
#23 /home/dmitriy/projects/rl-drop/rl-drop-back/vendor/laravel/framework/src/Illuminate/Foundation/Http/Middleware/ValidatePostSize.php(27): Illuminate\\Pipeline\\Pipeline->Illuminate\\Pipeline\\{closure}()
#24 /home/dmitriy/projects/rl-drop/rl-drop-back/vendor/laravel/framework/src/Illuminate/Pipeline/Pipeline.php(167): Illuminate\\Foundation\\Http\\Middleware\\ValidatePostSize->handle()
#25 /home/dmitriy/projects/rl-drop/rl-drop-back/vendor/laravel/framework/src/Illuminate/Foundation/Http/Middleware/CheckForMaintenanceMode.php(63): Illuminate\\Pipeline\\Pipeline->Illuminate\\Pipeline\\{closure}()
#26 /home/dmitriy/projects/rl-drop/rl-drop-back/vendor/laravel/framework/src/Illuminate/Pipeline/Pipeline.php(167): Illuminate\\Foundation\\Http\\Middleware\\CheckForMaintenanceMode->handle()
#27 /home/dmitriy/projects/rl-drop/rl-drop-back/vendor/fruitcake/laravel-cors/src/HandleCors.php(37): Illuminate\\Pipeline\\Pipeline->Illuminate\\Pipeline\\{closure}()
#28 /home/dmitriy/projects/rl-drop/rl-drop-back/vendor/laravel/framework/src/Illuminate/Pipeline/Pipeline.php(167): Fruitcake\\Cors\\HandleCors->handle()
#29 /home/dmitriy/projects/rl-drop/rl-drop-back/vendor/fideloper/proxy/src/TrustProxies.php(57): Illuminate\\Pipeline\\Pipeline->Illuminate\\Pipeline\\{closure}()
#30 /home/dmitriy/projects/rl-drop/rl-drop-back/vendor/laravel/framework/src/Illuminate/Pipeline/Pipeline.php(167): Fideloper\\Proxy\\TrustProxies->handle()
#31 /home/dmitriy/projects/rl-drop/rl-drop-back/vendor/laravel/framework/src/Illuminate/Pipeline/Pipeline.php(103): Illuminate\\Pipeline\\Pipeline->Illuminate\\Pipeline\\{closure}()
#32 /home/dmitriy/projects/rl-drop/rl-drop-back/vendor/laravel/framework/src/Illuminate/Foundation/Http/Kernel.php(140): Illuminate\\Pipeline\\Pipeline->then()
#33 /home/dmitriy/projects/rl-drop/rl-drop-back/vendor/laravel/framework/src/Illuminate/Foundation/Http/Kernel.php(109): Illuminate\\Foundation\\Http\\Kernel->sendRequestThroughRouter()
#34 /home/dmitriy/projects/rl-drop/rl-drop-back/public/index.php(55): Illuminate\\Foundation\\Http\\Kernel->handle()
#35 /home/dmitriy/projects/rl-drop/rl-drop-back/server.php(21): require_once('/home/dmitriy/p...')
#36 {main}
"} 
[2020-08-31 11:44:25] local.ERROR: file_put_contents(D:\Progs\server\xampp\htdocs\rl-drop\storage\framework\views/c10f7e005e7cb045adeb25329812b1fa85084920.php): failed to open stream: No such file or directory {"exception":"[object] (ErrorException(code: 0): file_put_contents(D:\\Progs\\server\\xampp\\htdocs\l-drop\\storage\\framework\\views/c10f7e005e7cb045adeb25329812b1fa85084920.php): failed to open stream: No such file or directory at /home/dmitriy/projects/rl-drop/rl-drop-back/vendor/laravel/framework/src/Illuminate/Filesystem/Filesystem.php:135)
[stacktrace]
#0 [internal function]: Illuminate\\Foundation\\Bootstrap\\HandleExceptions->handleError()
#1 /home/dmitriy/projects/rl-drop/rl-drop-back/vendor/laravel/framework/src/Illuminate/Filesystem/Filesystem.php(135): file_put_contents()
#2 /home/dmitriy/projects/rl-drop/rl-drop-back/vendor/laravel/framework/src/Illuminate/View/Compilers/BladeCompiler.php(150): Illuminate\\Filesystem\\Filesystem->put()
#3 /home/dmitriy/projects/rl-drop/rl-drop-back/vendor/laravel/framework/src/Illuminate/View/Engines/CompilerEngine.php(51): Illuminate\\View\\Compilers\\BladeCompiler->compile()
#4 /home/dmitriy/projects/rl-drop/rl-drop-back/vendor/facade/ignition/src/Views/Engines/CompilerEngine.php(37): Illuminate\\View\\Engines\\CompilerEngine->get()
#5 /home/dmitriy/projects/rl-drop/rl-drop-back/vendor/laravel/framework/src/Illuminate/View/View.php(139): Facade\\Ignition\\Views\\Engines\\CompilerEngine->get()
#6 /home/dmitriy/projects/rl-drop/rl-drop-back/vendor/laravel/framework/src/Illuminate/View/View.php(122): Illuminate\\View\\View->getContents()
#7 /home/dmitriy/projects/rl-drop/rl-drop-back/vendor/laravel/framework/src/Illuminate/View/View.php(91): Illuminate\\View\\View->renderContents()
#8 /home/dmitriy/projects/rl-drop/rl-drop-back/vendor/laravel/framework/src/Illuminate/Http/Response.php(62): Illuminate\\View\\View->render()
#9 /home/dmitriy/projects/rl-drop/rl-drop-back/vendor/laravel/framework/src/Illuminate/Http/Response.php(34): Illuminate\\Http\\Response->setContent()
#10 /home/dmitriy/projects/rl-drop/rl-drop-back/vendor/laravel/framework/src/Illuminate/Routing/ResponseFactory.php(55): Illuminate\\Http\\Response->__construct()
#11 /home/dmitriy/projects/rl-drop/rl-drop-back/vendor/laravel/framework/src/Illuminate/Routing/ResponseFactory.php(85): Illuminate\\Routing\\ResponseFactory->make()
#12 /home/dmitriy/projects/rl-drop/rl-drop-back/vendor/laravel/framework/src/Illuminate/Foundation/Exceptions/Handler.php(408): Illuminate\\Routing\\ResponseFactory->view()
#13 /home/dmitriy/projects/rl-drop/rl-drop-back/vendor/laravel/framework/src/Illuminate/Foundation/Exceptions/Handler.php(313): Illuminate\\Foundation\\Exceptions\\Handler->renderHttpException()
#14 /home/dmitriy/projects/rl-drop/rl-drop-back/vendor/laravel/framework/src/Illuminate/Foundation/Exceptions/Handler.php(210): Illuminate\\Foundation\\Exceptions\\Handler->prepareResponse()
#15 /home/dmitriy/projects/rl-drop/rl-drop-back/app/Exceptions/Handler.php(65): Illuminate\\Foundation\\Exceptions\\Handler->render()
#16 /home/dmitriy/projects/rl-drop/rl-drop-back/vendor/laravel/framework/src/Illuminate/Routing/Pipeline.php(51): App\\Exceptions\\Handler->render()
#17 /home/dmitriy/projects/rl-drop/rl-drop-back/vendor/laravel/framework/src/Illuminate/Pipeline/Pipeline.php(130): Illuminate\\Routing\\Pipeline->handleException()
#18 /home/dmitriy/projects/rl-drop/rl-drop-back/vendor/laravel/framework/src/Illuminate/Foundation/Http/Middleware/TransformsRequest.php(21): Illuminate\\Pipeline\\Pipeline->Illuminate\\Pipeline\\{closure}()
#19 /home/dmitriy/projects/rl-drop/rl-drop-back/vendor/laravel/framework/src/Illuminate/Pipeline/Pipeline.php(167): Illuminate\\Foundation\\Http\\Middleware\\TransformsRequest->handle()
#20 /home/dmitriy/projects/rl-drop/rl-drop-back/vendor/laravel/framework/src/Illuminate/Foundation/Http/Middleware/TransformsRequest.php(21): Illuminate\\Pipeline\\Pipeline->Illuminate\\Pipeline\\{closure}()
#21 /home/dmitriy/projects/rl-drop/rl-drop-back/vendor/laravel/framework/src/Illuminate/Pipeline/Pipeline.php(167): Illuminate\\Foundation\\Http\\Middleware\\TransformsRequest->handle()
#22 /home/dmitriy/projects/rl-drop/rl-drop-back/vendor/laravel/framework/src/Illuminate/Foundation/Http/Middleware/ValidatePostSize.php(27): Illuminate\\Pipeline\\Pipeline->Illuminate\\Pipeline\\{closure}()
#23 /home/dmitriy/projects/rl-drop/rl-drop-back/vendor/laravel/framework/src/Illuminate/Pipeline/Pipeline.php(167): Illuminate\\Foundation\\Http\\Middleware\\ValidatePostSize->handle()
#24 /home/dmitriy/projects/rl-drop/rl-drop-back/vendor/laravel/framework/src/Illuminate/Foundation/Http/Middleware/CheckForMaintenanceMode.php(63): Illuminate\\Pipeline\\Pipeline->Illuminate\\Pipeline\\{closure}()
#25 /home/dmitriy/projects/rl-drop/rl-drop-back/vendor/laravel/framework/src/Illuminate/Pipeline/Pipeline.php(167): Illuminate\\Foundation\\Http\\Middleware\\CheckForMaintenanceMode->handle()
#26 /home/dmitriy/projects/rl-drop/rl-drop-back/vendor/fruitcake/laravel-cors/src/HandleCors.php(37): Illuminate\\Pipeline\\Pipeline->Illuminate\\Pipeline\\{closure}()
#27 /home/dmitriy/projects/rl-drop/rl-drop-back/vendor/laravel/framework/src/Illuminate/Pipeline/Pipeline.php(167): Fruitcake\\Cors\\HandleCors->handle()
#28 /home/dmitriy/projects/rl-drop/rl-drop-back/vendor/fideloper/proxy/src/TrustProxies.php(57): Illuminate\\Pipeline\\Pipeline->Illuminate\\Pipeline\\{closure}()
#29 /home/dmitriy/projects/rl-drop/rl-drop-back/vendor/laravel/framework/src/Illuminate/Pipeline/Pipeline.php(167): Fideloper\\Proxy\\TrustProxies->handle()
#30 /home/dmitriy/projects/rl-drop/rl-drop-back/vendor/laravel/framework/src/Illuminate/Pipeline/Pipeline.php(103): Illuminate\\Pipeline\\Pipeline->Illuminate\\Pipeline\\{closure}()
#31 /home/dmitriy/projects/rl-drop/rl-drop-back/vendor/laravel/framework/src/Illuminate/Foundation/Http/Kernel.php(140): Illuminate\\Pipeline\\Pipeline->then()
#32 /home/dmitriy/projects/rl-drop/rl-drop-back/vendor/laravel/framework/src/Illuminate/Foundation/Http/Kernel.php(109): Illuminate\\Foundation\\Http\\Kernel->sendRequestThroughRouter()
#33 /home/dmitriy/projects/rl-drop/rl-drop-back/public/index.php(55): Illuminate\\Foundation\\Http\\Kernel->handle()
#34 /home/dmitriy/projects/rl-drop/rl-drop-back/server.php(21): require_once('/home/dmitriy/p...')
#35 {main}
"} 
[2020-08-31 11:44:27] local.ERROR: file_put_contents(D:\Progs\server\xampp\htdocs\rl-drop\storage\framework\views/c10f7e005e7cb045adeb25329812b1fa85084920.php): failed to open stream: No such file or directory {"exception":"[object] (ErrorException(code: 0): file_put_contents(D:\\Progs\\server\\xampp\\htdocs\l-drop\\storage\\framework\\views/c10f7e005e7cb045adeb25329812b1fa85084920.php): failed to open stream: No such file or directory at /home/dmitriy/projects/rl-drop/rl-drop-back/vendor/laravel/framework/src/Illuminate/Filesystem/Filesystem.php:135)
[stacktrace]
#0 [internal function]: Illuminate\\Foundation\\Bootstrap\\HandleExceptions->handleError()
#1 /home/dmitriy/projects/rl-drop/rl-drop-back/vendor/laravel/framework/src/Illuminate/Filesystem/Filesystem.php(135): file_put_contents()
#2 /home/dmitriy/projects/rl-drop/rl-drop-back/vendor/laravel/framework/src/Illuminate/View/Compilers/BladeCompiler.php(150): Illuminate\\Filesystem\\Filesystem->put()
#3 /home/dmitriy/projects/rl-drop/rl-drop-back/vendor/laravel/framework/src/Illuminate/View/Engines/CompilerEngine.php(51): Illuminate\\View\\Compilers\\BladeCompiler->compile()
#4 /home/dmitriy/projects/rl-drop/rl-drop-back/vendor/facade/ignition/src/Views/Engines/CompilerEngine.php(37): Illuminate\\View\\Engines\\CompilerEngine->get()
#5 /home/dmitriy/projects/rl-drop/rl-drop-back/vendor/laravel/framework/src/Illuminate/View/View.php(139): Facade\\Ignition\\Views\\Engines\\CompilerEngine->get()
#6 /home/dmitriy/projects/rl-drop/rl-drop-back/vendor/laravel/framework/src/Illuminate/View/View.php(122): Illuminate\\View\\View->getContents()
#7 /home/dmitriy/projects/rl-drop/rl-drop-back/vendor/laravel/framework/src/Illuminate/View/View.php(91): Illuminate\\View\\View->renderContents()
#8 /home/dmitriy/projects/rl-drop/rl-drop-back/vendor/laravel/framework/src/Illuminate/Http/Response.php(62): Illuminate\\View\\View->render()
#9 /home/dmitriy/projects/rl-drop/rl-drop-back/vendor/laravel/framework/src/Illuminate/Http/Response.php(34): Illuminate\\Http\\Response->setContent()
#10 /home/dmitriy/projects/rl-drop/rl-drop-back/vendor/laravel/framework/src/Illuminate/Routing/ResponseFactory.php(55): Illuminate\\Http\\Response->__construct()
#11 /home/dmitriy/projects/rl-drop/rl-drop-back/vendor/laravel/framework/src/Illuminate/Routing/ResponseFactory.php(85): Illuminate\\Routing\\ResponseFactory->make()
#12 /home/dmitriy/projects/rl-drop/rl-drop-back/vendor/laravel/framework/src/Illuminate/Foundation/Exceptions/Handler.php(408): Illuminate\\Routing\\ResponseFactory->view()
#13 /home/dmitriy/projects/rl-drop/rl-drop-back/vendor/laravel/framework/src/Illuminate/Foundation/Exceptions/Handler.php(313): Illuminate\\Foundation\\Exceptions\\Handler->renderHttpException()
#14 /home/dmitriy/projects/rl-drop/rl-drop-back/vendor/laravel/framework/src/Illuminate/Foundation/Exceptions/Handler.php(210): Illuminate\\Foundation\\Exceptions\\Handler->prepareResponse()
#15 /home/dmitriy/projects/rl-drop/rl-drop-back/app/Exceptions/Handler.php(65): Illuminate\\Foundation\\Exceptions\\Handler->render()
#16 /home/dmitriy/projects/rl-drop/rl-drop-back/vendor/laravel/framework/src/Illuminate/Routing/Pipeline.php(51): App\\Exceptions\\Handler->render()
#17 /home/dmitriy/projects/rl-drop/rl-drop-back/vendor/laravel/framework/src/Illuminate/Pipeline/Pipeline.php(130): Illuminate\\Routing\\Pipeline->handleException()
#18 /home/dmitriy/projects/rl-drop/rl-drop-back/vendor/laravel/framework/src/Illuminate/Foundation/Http/Middleware/TransformsRequest.php(21): Illuminate\\Pipeline\\Pipeline->Illuminate\\Pipeline\\{closure}()
#19 /home/dmitriy/projects/rl-drop/rl-drop-back/vendor/laravel/framework/src/Illuminate/Pipeline/Pipeline.php(167): Illuminate\\Foundation\\Http\\Middleware\\TransformsRequest->handle()
#20 /home/dmitriy/projects/rl-drop/rl-drop-back/vendor/laravel/framework/src/Illuminate/Foundation/Http/Middleware/TransformsRequest.php(21): Illuminate\\Pipeline\\Pipeline->Illuminate\\Pipeline\\{closure}()
#21 /home/dmitriy/projects/rl-drop/rl-drop-back/vendor/laravel/framework/src/Illuminate/Pipeline/Pipeline.php(167): Illuminate\\Foundation\\Http\\Middleware\\TransformsRequest->handle()
#22 /home/dmitriy/projects/rl-drop/rl-drop-back/vendor/laravel/framework/src/Illuminate/Foundation/Http/Middleware/ValidatePostSize.php(27): Illuminate\\Pipeline\\Pipeline->Illuminate\\Pipeline\\{closure}()
#23 /home/dmitriy/projects/rl-drop/rl-drop-back/vendor/laravel/framework/src/Illuminate/Pipeline/Pipeline.php(167): Illuminate\\Foundation\\Http\\Middleware\\ValidatePostSize->handle()
#24 /home/dmitriy/projects/rl-drop/rl-drop-back/vendor/laravel/framework/src/Illuminate/Foundation/Http/Middleware/CheckForMaintenanceMode.php(63): Illuminate\\Pipeline\\Pipeline->Illuminate\\Pipeline\\{closure}()
#25 /home/dmitriy/projects/rl-drop/rl-drop-back/vendor/laravel/framework/src/Illuminate/Pipeline/Pipeline.php(167): Illuminate\\Foundation\\Http\\Middleware\\CheckForMaintenanceMode->handle()
#26 /home/dmitriy/projects/rl-drop/rl-drop-back/vendor/fruitcake/laravel-cors/src/HandleCors.php(37): Illuminate\\Pipeline\\Pipeline->Illuminate\\Pipeline\\{closure}()
#27 /home/dmitriy/projects/rl-drop/rl-drop-back/vendor/laravel/framework/src/Illuminate/Pipeline/Pipeline.php(167): Fruitcake\\Cors\\HandleCors->handle()
#28 /home/dmitriy/projects/rl-drop/rl-drop-back/vendor/fideloper/proxy/src/TrustProxies.php(57): Illuminate\\Pipeline\\Pipeline->Illuminate\\Pipeline\\{closure}()
#29 /home/dmitriy/projects/rl-drop/rl-drop-back/vendor/laravel/framework/src/Illuminate/Pipeline/Pipeline.php(167): Fideloper\\Proxy\\TrustProxies->handle()
#30 /home/dmitriy/projects/rl-drop/rl-drop-back/vendor/laravel/framework/src/Illuminate/Pipeline/Pipeline.php(103): Illuminate\\Pipeline\\Pipeline->Illuminate\\Pipeline\\{closure}()
#31 /home/dmitriy/projects/rl-drop/rl-drop-back/vendor/laravel/framework/src/Illuminate/Foundation/Http/Kernel.php(140): Illuminate\\Pipeline\\Pipeline->then()
#32 /home/dmitriy/projects/rl-drop/rl-drop-back/vendor/laravel/framework/src/Illuminate/Foundation/Http/Kernel.php(109): Illuminate\\Foundation\\Http\\Kernel->sendRequestThroughRouter()
#33 /home/dmitriy/projects/rl-drop/rl-drop-back/public/index.php(55): Illuminate\\Foundation\\Http\\Kernel->handle()
#34 /home/dmitriy/projects/rl-drop/rl-drop-back/server.php(21): require_once('/home/dmitriy/p...')
#35 {main}
"} 
[2020-08-31 11:44:27] local.ERROR: file_put_contents(D:\Progs\server\xampp\htdocs\rl-drop\storage\framework\views/c10f7e005e7cb045adeb25329812b1fa85084920.php): failed to open stream: No such file or directory {"exception":"[object] (ErrorException(code: 0): file_put_contents(D:\\Progs\\server\\xampp\\htdocs\l-drop\\storage\\framework\\views/c10f7e005e7cb045adeb25329812b1fa85084920.php): failed to open stream: No such file or directory at /home/dmitriy/projects/rl-drop/rl-drop-back/vendor/laravel/framework/src/Illuminate/Filesystem/Filesystem.php:135)
[stacktrace]
#0 [internal function]: Illuminate\\Foundation\\Bootstrap\\HandleExceptions->handleError()
#1 /home/dmitriy/projects/rl-drop/rl-drop-back/vendor/laravel/framework/src/Illuminate/Filesystem/Filesystem.php(135): file_put_contents()
#2 /home/dmitriy/projects/rl-drop/rl-drop-back/vendor/laravel/framework/src/Illuminate/View/Compilers/BladeCompiler.php(150): Illuminate\\Filesystem\\Filesystem->put()
#3 /home/dmitriy/projects/rl-drop/rl-drop-back/vendor/laravel/framework/src/Illuminate/View/Engines/CompilerEngine.php(51): Illuminate\\View\\Compilers\\BladeCompiler->compile()
#4 /home/dmitriy/projects/rl-drop/rl-drop-back/vendor/facade/ignition/src/Views/Engines/CompilerEngine.php(37): Illuminate\\View\\Engines\\CompilerEngine->get()
#5 /home/dmitriy/projects/rl-drop/rl-drop-back/vendor/laravel/framework/src/Illuminate/View/View.php(139): Facade\\Ignition\\Views\\Engines\\CompilerEngine->get()
#6 /home/dmitriy/projects/rl-drop/rl-drop-back/vendor/laravel/framework/src/Illuminate/View/View.php(122): Illuminate\\View\\View->getContents()
#7 /home/dmitriy/projects/rl-drop/rl-drop-back/vendor/laravel/framework/src/Illuminate/View/View.php(91): Illuminate\\View\\View->renderContents()
#8 /home/dmitriy/projects/rl-drop/rl-drop-back/vendor/laravel/framework/src/Illuminate/Http/Response.php(62): Illuminate\\View\\View->render()
#9 /home/dmitriy/projects/rl-drop/rl-drop-back/vendor/laravel/framework/src/Illuminate/Http/Response.php(34): Illuminate\\Http\\Response->setContent()
#10 /home/dmitriy/projects/rl-drop/rl-drop-back/vendor/laravel/framework/src/Illuminate/Routing/ResponseFactory.php(55): Illuminate\\Http\\Response->__construct()
#11 /home/dmitriy/projects/rl-drop/rl-drop-back/vendor/laravel/framework/src/Illuminate/Routing/ResponseFactory.php(85): Illuminate\\Routing\\ResponseFactory->make()
#12 /home/dmitriy/projects/rl-drop/rl-drop-back/vendor/laravel/framework/src/Illuminate/Foundation/Exceptions/Handler.php(408): Illuminate\\Routing\\ResponseFactory->view()
#13 /home/dmitriy/projects/rl-drop/rl-drop-back/vendor/laravel/framework/src/Illuminate/Foundation/Exceptions/Handler.php(313): Illuminate\\Foundation\\Exceptions\\Handler->renderHttpException()
#14 /home/dmitriy/projects/rl-drop/rl-drop-back/vendor/laravel/framework/src/Illuminate/Foundation/Exceptions/Handler.php(210): Illuminate\\Foundation\\Exceptions\\Handler->prepareResponse()
#15 /home/dmitriy/projects/rl-drop/rl-drop-back/app/Exceptions/Handler.php(65): Illuminate\\Foundation\\Exceptions\\Handler->render()
#16 /home/dmitriy/projects/rl-drop/rl-drop-back/vendor/laravel/framework/src/Illuminate/Routing/Pipeline.php(51): App\\Exceptions\\Handler->render()
#17 /home/dmitriy/projects/rl-drop/rl-drop-back/vendor/laravel/framework/src/Illuminate/Pipeline/Pipeline.php(130): Illuminate\\Routing\\Pipeline->handleException()
#18 /home/dmitriy/projects/rl-drop/rl-drop-back/vendor/laravel/framework/src/Illuminate/Foundation/Http/Middleware/TransformsRequest.php(21): Illuminate\\Pipeline\\Pipeline->Illuminate\\Pipeline\\{closure}()
#19 /home/dmitriy/projects/rl-drop/rl-drop-back/vendor/laravel/framework/src/Illuminate/Pipeline/Pipeline.php(167): Illuminate\\Foundation\\Http\\Middleware\\TransformsRequest->handle()
#20 /home/dmitriy/projects/rl-drop/rl-drop-back/vendor/laravel/framework/src/Illuminate/Foundation/Http/Middleware/TransformsRequest.php(21): Illuminate\\Pipeline\\Pipeline->Illuminate\\Pipeline\\{closure}()
#21 /home/dmitriy/projects/rl-drop/rl-drop-back/vendor/laravel/framework/src/Illuminate/Pipeline/Pipeline.php(167): Illuminate\\Foundation\\Http\\Middleware\\TransformsRequest->handle()
#22 /home/dmitriy/projects/rl-drop/rl-drop-back/vendor/laravel/framework/src/Illuminate/Foundation/Http/Middleware/ValidatePostSize.php(27): Illuminate\\Pipeline\\Pipeline->Illuminate\\Pipeline\\{closure}()
#23 /home/dmitriy/projects/rl-drop/rl-drop-back/vendor/laravel/framework/src/Illuminate/Pipeline/Pipeline.php(167): Illuminate\\Foundation\\Http\\Middleware\\ValidatePostSize->handle()
#24 /home/dmitriy/projects/rl-drop/rl-drop-back/vendor/laravel/framework/src/Illuminate/Foundation/Http/Middleware/CheckForMaintenanceMode.php(63): Illuminate\\Pipeline\\Pipeline->Illuminate\\Pipeline\\{closure}()
#25 /home/dmitriy/projects/rl-drop/rl-drop-back/vendor/laravel/framework/src/Illuminate/Pipeline/Pipeline.php(167): Illuminate\\Foundation\\Http\\Middleware\\CheckForMaintenanceMode->handle()
#26 /home/dmitriy/projects/rl-drop/rl-drop-back/vendor/fruitcake/laravel-cors/src/HandleCors.php(37): Illuminate\\Pipeline\\Pipeline->Illuminate\\Pipeline\\{closure}()
#27 /home/dmitriy/projects/rl-drop/rl-drop-back/vendor/laravel/framework/src/Illuminate/Pipeline/Pipeline.php(167): Fruitcake\\Cors\\HandleCors->handle()
#28 /home/dmitriy/projects/rl-drop/rl-drop-back/vendor/fideloper/proxy/src/TrustProxies.php(57): Illuminate\\Pipeline\\Pipeline->Illuminate\\Pipeline\\{closure}()
#29 /home/dmitriy/projects/rl-drop/rl-drop-back/vendor/laravel/framework/src/Illuminate/Pipeline/Pipeline.php(167): Fideloper\\Proxy\\TrustProxies->handle()
#30 /home/dmitriy/projects/rl-drop/rl-drop-back/vendor/laravel/framework/src/Illuminate/Pipeline/Pipeline.php(103): Illuminate\\Pipeline\\Pipeline->Illuminate\\Pipeline\\{closure}()
#31 /home/dmitriy/projects/rl-drop/rl-drop-back/vendor/laravel/framework/src/Illuminate/Foundation/Http/Kernel.php(140): Illuminate\\Pipeline\\Pipeline->then()
#32 /home/dmitriy/projects/rl-drop/rl-drop-back/vendor/laravel/framework/src/Illuminate/Foundation/Http/Kernel.php(109): Illuminate\\Foundation\\Http\\Kernel->sendRequestThroughRouter()
#33 /home/dmitriy/projects/rl-drop/rl-drop-back/public/index.php(55): Illuminate\\Foundation\\Http\\Kernel->handle()
#34 /home/dmitriy/projects/rl-drop/rl-drop-back/server.php(21): require_once('/home/dmitriy/p...')
#35 {main}
"} 
[2020-08-31 11:44:27] local.ERROR: file_put_contents(D:\Progs\server\xampp\htdocs\rl-drop\storage\framework\views/c10f7e005e7cb045adeb25329812b1fa85084920.php): failed to open stream: No such file or directory {"exception":"[object] (ErrorException(code: 0): file_put_contents(D:\\Progs\\server\\xampp\\htdocs\l-drop\\storage\\framework\\views/c10f7e005e7cb045adeb25329812b1fa85084920.php): failed to open stream: No such file or directory at /home/dmitriy/projects/rl-drop/rl-drop-back/vendor/laravel/framework/src/Illuminate/Filesystem/Filesystem.php:135)
[stacktrace]
#0 [internal function]: Illuminate\\Foundation\\Bootstrap\\HandleExceptions->handleError()
#1 /home/dmitriy/projects/rl-drop/rl-drop-back/vendor/laravel/framework/src/Illuminate/Filesystem/Filesystem.php(135): file_put_contents()
#2 /home/dmitriy/projects/rl-drop/rl-drop-back/vendor/laravel/framework/src/Illuminate/View/Compilers/BladeCompiler.php(150): Illuminate\\Filesystem\\Filesystem->put()
#3 /home/dmitriy/projects/rl-drop/rl-drop-back/vendor/laravel/framework/src/Illuminate/View/Engines/CompilerEngine.php(51): Illuminate\\View\\Compilers\\BladeCompiler->compile()
#4 /home/dmitriy/projects/rl-drop/rl-drop-back/vendor/facade/ignition/src/Views/Engines/CompilerEngine.php(37): Illuminate\\View\\Engines\\CompilerEngine->get()
#5 /home/dmitriy/projects/rl-drop/rl-drop-back/vendor/laravel/framework/src/Illuminate/View/View.php(139): Facade\\Ignition\\Views\\Engines\\CompilerEngine->get()
#6 /home/dmitriy/projects/rl-drop/rl-drop-back/vendor/laravel/framework/src/Illuminate/View/View.php(122): Illuminate\\View\\View->getContents()
#7 /home/dmitriy/projects/rl-drop/rl-drop-back/vendor/laravel/framework/src/Illuminate/View/View.php(91): Illuminate\\View\\View->renderContents()
#8 /home/dmitriy/projects/rl-drop/rl-drop-back/vendor/laravel/framework/src/Illuminate/Http/Response.php(62): Illuminate\\View\\View->render()
#9 /home/dmitriy/projects/rl-drop/rl-drop-back/vendor/laravel/framework/src/Illuminate/Http/Response.php(34): Illuminate\\Http\\Response->setContent()
#10 /home/dmitriy/projects/rl-drop/rl-drop-back/vendor/laravel/framework/src/Illuminate/Routing/ResponseFactory.php(55): Illuminate\\Http\\Response->__construct()
#11 /home/dmitriy/projects/rl-drop/rl-drop-back/vendor/laravel/framework/src/Illuminate/Routing/ResponseFactory.php(85): Illuminate\\Routing\\ResponseFactory->make()
#12 /home/dmitriy/projects/rl-drop/rl-drop-back/vendor/laravel/framework/src/Illuminate/Foundation/Exceptions/Handler.php(408): Illuminate\\Routing\\ResponseFactory->view()
#13 /home/dmitriy/projects/rl-drop/rl-drop-back/vendor/laravel/framework/src/Illuminate/Foundation/Exceptions/Handler.php(313): Illuminate\\Foundation\\Exceptions\\Handler->renderHttpException()
#14 /home/dmitriy/projects/rl-drop/rl-drop-back/vendor/laravel/framework/src/Illuminate/Foundation/Exceptions/Handler.php(210): Illuminate\\Foundation\\Exceptions\\Handler->prepareResponse()
#15 /home/dmitriy/projects/rl-drop/rl-drop-back/app/Exceptions/Handler.php(65): Illuminate\\Foundation\\Exceptions\\Handler->render()
#16 /home/dmitriy/projects/rl-drop/rl-drop-back/vendor/laravel/framework/src/Illuminate/Routing/Pipeline.php(51): App\\Exceptions\\Handler->render()
#17 /home/dmitriy/projects/rl-drop/rl-drop-back/vendor/laravel/framework/src/Illuminate/Pipeline/Pipeline.php(130): Illuminate\\Routing\\Pipeline->handleException()
#18 /home/dmitriy/projects/rl-drop/rl-drop-back/vendor/laravel/framework/src/Illuminate/Foundation/Http/Middleware/TransformsRequest.php(21): Illuminate\\Pipeline\\Pipeline->Illuminate\\Pipeline\\{closure}()
#19 /home/dmitriy/projects/rl-drop/rl-drop-back/vendor/laravel/framework/src/Illuminate/Pipeline/Pipeline.php(167): Illuminate\\Foundation\\Http\\Middleware\\TransformsRequest->handle()
#20 /home/dmitriy/projects/rl-drop/rl-drop-back/vendor/laravel/framework/src/Illuminate/Foundation/Http/Middleware/TransformsRequest.php(21): Illuminate\\Pipeline\\Pipeline->Illuminate\\Pipeline\\{closure}()
#21 /home/dmitriy/projects/rl-drop/rl-drop-back/vendor/laravel/framework/src/Illuminate/Pipeline/Pipeline.php(167): Illuminate\\Foundation\\Http\\Middleware\\TransformsRequest->handle()
#22 /home/dmitriy/projects/rl-drop/rl-drop-back/vendor/laravel/framework/src/Illuminate/Foundation/Http/Middleware/ValidatePostSize.php(27): Illuminate\\Pipeline\\Pipeline->Illuminate\\Pipeline\\{closure}()
#23 /home/dmitriy/projects/rl-drop/rl-drop-back/vendor/laravel/framework/src/Illuminate/Pipeline/Pipeline.php(167): Illuminate\\Foundation\\Http\\Middleware\\ValidatePostSize->handle()
#24 /home/dmitriy/projects/rl-drop/rl-drop-back/vendor/laravel/framework/src/Illuminate/Foundation/Http/Middleware/CheckForMaintenanceMode.php(63): Illuminate\\Pipeline\\Pipeline->Illuminate\\Pipeline\\{closure}()
#25 /home/dmitriy/projects/rl-drop/rl-drop-back/vendor/laravel/framework/src/Illuminate/Pipeline/Pipeline.php(167): Illuminate\\Foundation\\Http\\Middleware\\CheckForMaintenanceMode->handle()
#26 /home/dmitriy/projects/rl-drop/rl-drop-back/vendor/fruitcake/laravel-cors/src/HandleCors.php(37): Illuminate\\Pipeline\\Pipeline->Illuminate\\Pipeline\\{closure}()
#27 /home/dmitriy/projects/rl-drop/rl-drop-back/vendor/laravel/framework/src/Illuminate/Pipeline/Pipeline.php(167): Fruitcake\\Cors\\HandleCors->handle()
#28 /home/dmitriy/projects/rl-drop/rl-drop-back/vendor/fideloper/proxy/src/TrustProxies.php(57): Illuminate\\Pipeline\\Pipeline->Illuminate\\Pipeline\\{closure}()
#29 /home/dmitriy/projects/rl-drop/rl-drop-back/vendor/laravel/framework/src/Illuminate/Pipeline/Pipeline.php(167): Fideloper\\Proxy\\TrustProxies->handle()
#30 /home/dmitriy/projects/rl-drop/rl-drop-back/vendor/laravel/framework/src/Illuminate/Pipeline/Pipeline.php(103): Illuminate\\Pipeline\\Pipeline->Illuminate\\Pipeline\\{closure}()
#31 /home/dmitriy/projects/rl-drop/rl-drop-back/vendor/laravel/framework/src/Illuminate/Foundation/Http/Kernel.php(140): Illuminate\\Pipeline\\Pipeline->then()
#32 /home/dmitriy/projects/rl-drop/rl-drop-back/vendor/laravel/framework/src/Illuminate/Foundation/Http/Kernel.php(109): Illuminate\\Foundation\\Http\\Kernel->sendRequestThroughRouter()
#33 /home/dmitriy/projects/rl-drop/rl-drop-back/public/index.php(55): Illuminate\\Foundation\\Http\\Kernel->handle()
#34 /home/dmitriy/projects/rl-drop/rl-drop-back/server.php(21): require_once('/home/dmitriy/p...')
#35 {main}
"} 
[2020-08-31 11:44:28] local.ERROR: file_put_contents(D:\Progs\server\xampp\htdocs\rl-drop\storage\framework\views/c10f7e005e7cb045adeb25329812b1fa85084920.php): failed to open stream: No such file or directory {"exception":"[object] (ErrorException(code: 0): file_put_contents(D:\\Progs\\server\\xampp\\htdocs\l-drop\\storage\\framework\\views/c10f7e005e7cb045adeb25329812b1fa85084920.php): failed to open stream: No such file or directory at /home/dmitriy/projects/rl-drop/rl-drop-back/vendor/laravel/framework/src/Illuminate/Filesystem/Filesystem.php:135)
[stacktrace]
#0 [internal function]: Illuminate\\Foundation\\Bootstrap\\HandleExceptions->handleError()
#1 /home/dmitriy/projects/rl-drop/rl-drop-back/vendor/laravel/framework/src/Illuminate/Filesystem/Filesystem.php(135): file_put_contents()
#2 /home/dmitriy/projects/rl-drop/rl-drop-back/vendor/laravel/framework/src/Illuminate/View/Compilers/BladeCompiler.php(150): Illuminate\\Filesystem\\Filesystem->put()
#3 /home/dmitriy/projects/rl-drop/rl-drop-back/vendor/laravel/framework/src/Illuminate/View/Engines/CompilerEngine.php(51): Illuminate\\View\\Compilers\\BladeCompiler->compile()
#4 /home/dmitriy/projects/rl-drop/rl-drop-back/vendor/facade/ignition/src/Views/Engines/CompilerEngine.php(37): Illuminate\\View\\Engines\\CompilerEngine->get()
#5 /home/dmitriy/projects/rl-drop/rl-drop-back/vendor/laravel/framework/src/Illuminate/View/View.php(139): Facade\\Ignition\\Views\\Engines\\CompilerEngine->get()
#6 /home/dmitriy/projects/rl-drop/rl-drop-back/vendor/laravel/framework/src/Illuminate/View/View.php(122): Illuminate\\View\\View->getContents()
#7 /home/dmitriy/projects/rl-drop/rl-drop-back/vendor/laravel/framework/src/Illuminate/View/View.php(91): Illuminate\\View\\View->renderContents()
#8 /home/dmitriy/projects/rl-drop/rl-drop-back/vendor/laravel/framework/src/Illuminate/Http/Response.php(62): Illuminate\\View\\View->render()
#9 /home/dmitriy/projects/rl-drop/rl-drop-back/vendor/laravel/framework/src/Illuminate/Http/Response.php(34): Illuminate\\Http\\Response->setContent()
#10 /home/dmitriy/projects/rl-drop/rl-drop-back/vendor/laravel/framework/src/Illuminate/Routing/ResponseFactory.php(55): Illuminate\\Http\\Response->__construct()
#11 /home/dmitriy/projects/rl-drop/rl-drop-back/vendor/laravel/framework/src/Illuminate/Routing/ResponseFactory.php(85): Illuminate\\Routing\\ResponseFactory->make()
#12 /home/dmitriy/projects/rl-drop/rl-drop-back/vendor/laravel/framework/src/Illuminate/Foundation/Exceptions/Handler.php(408): Illuminate\\Routing\\ResponseFactory->view()
#13 /home/dmitriy/projects/rl-drop/rl-drop-back/vendor/laravel/framework/src/Illuminate/Foundation/Exceptions/Handler.php(313): Illuminate\\Foundation\\Exceptions\\Handler->renderHttpException()
#14 /home/dmitriy/projects/rl-drop/rl-drop-back/vendor/laravel/framework/src/Illuminate/Foundation/Exceptions/Handler.php(210): Illuminate\\Foundation\\Exceptions\\Handler->prepareResponse()
#15 /home/dmitriy/projects/rl-drop/rl-drop-back/app/Exceptions/Handler.php(65): Illuminate\\Foundation\\Exceptions\\Handler->render()
#16 /home/dmitriy/projects/rl-drop/rl-drop-back/vendor/laravel/framework/src/Illuminate/Routing/Pipeline.php(51): App\\Exceptions\\Handler->render()
#17 /home/dmitriy/projects/rl-drop/rl-drop-back/vendor/laravel/framework/src/Illuminate/Pipeline/Pipeline.php(130): Illuminate\\Routing\\Pipeline->handleException()
#18 /home/dmitriy/projects/rl-drop/rl-drop-back/vendor/laravel/framework/src/Illuminate/Foundation/Http/Middleware/TransformsRequest.php(21): Illuminate\\Pipeline\\Pipeline->Illuminate\\Pipeline\\{closure}()
#19 /home/dmitriy/projects/rl-drop/rl-drop-back/vendor/laravel/framework/src/Illuminate/Pipeline/Pipeline.php(167): Illuminate\\Foundation\\Http\\Middleware\\TransformsRequest->handle()
#20 /home/dmitriy/projects/rl-drop/rl-drop-back/vendor/laravel/framework/src/Illuminate/Foundation/Http/Middleware/TransformsRequest.php(21): Illuminate\\Pipeline\\Pipeline->Illuminate\\Pipeline\\{closure}()
#21 /home/dmitriy/projects/rl-drop/rl-drop-back/vendor/laravel/framework/src/Illuminate/Pipeline/Pipeline.php(167): Illuminate\\Foundation\\Http\\Middleware\\TransformsRequest->handle()
#22 /home/dmitriy/projects/rl-drop/rl-drop-back/vendor/laravel/framework/src/Illuminate/Foundation/Http/Middleware/ValidatePostSize.php(27): Illuminate\\Pipeline\\Pipeline->Illuminate\\Pipeline\\{closure}()
#23 /home/dmitriy/projects/rl-drop/rl-drop-back/vendor/laravel/framework/src/Illuminate/Pipeline/Pipeline.php(167): Illuminate\\Foundation\\Http\\Middleware\\ValidatePostSize->handle()
#24 /home/dmitriy/projects/rl-drop/rl-drop-back/vendor/laravel/framework/src/Illuminate/Foundation/Http/Middleware/CheckForMaintenanceMode.php(63): Illuminate\\Pipeline\\Pipeline->Illuminate\\Pipeline\\{closure}()
#25 /home/dmitriy/projects/rl-drop/rl-drop-back/vendor/laravel/framework/src/Illuminate/Pipeline/Pipeline.php(167): Illuminate\\Foundation\\Http\\Middleware\\CheckForMaintenanceMode->handle()
#26 /home/dmitriy/projects/rl-drop/rl-drop-back/vendor/fruitcake/laravel-cors/src/HandleCors.php(37): Illuminate\\Pipeline\\Pipeline->Illuminate\\Pipeline\\{closure}()
#27 /home/dmitriy/projects/rl-drop/rl-drop-back/vendor/laravel/framework/src/Illuminate/Pipeline/Pipeline.php(167): Fruitcake\\Cors\\HandleCors->handle()
#28 /home/dmitriy/projects/rl-drop/rl-drop-back/vendor/fideloper/proxy/src/TrustProxies.php(57): Illuminate\\Pipeline\\Pipeline->Illuminate\\Pipeline\\{closure}()
#29 /home/dmitriy/projects/rl-drop/rl-drop-back/vendor/laravel/framework/src/Illuminate/Pipeline/Pipeline.php(167): Fideloper\\Proxy\\TrustProxies->handle()
#30 /home/dmitriy/projects/rl-drop/rl-drop-back/vendor/laravel/framework/src/Illuminate/Pipeline/Pipeline.php(103): Illuminate\\Pipeline\\Pipeline->Illuminate\\Pipeline\\{closure}()
#31 /home/dmitriy/projects/rl-drop/rl-drop-back/vendor/laravel/framework/src/Illuminate/Foundation/Http/Kernel.php(140): Illuminate\\Pipeline\\Pipeline->then()
#32 /home/dmitriy/projects/rl-drop/rl-drop-back/vendor/laravel/framework/src/Illuminate/Foundation/Http/Kernel.php(109): Illuminate\\Foundation\\Http\\Kernel->sendRequestThroughRouter()
#33 /home/dmitriy/projects/rl-drop/rl-drop-back/public/index.php(55): Illuminate\\Foundation\\Http\\Kernel->handle()
#34 /home/dmitriy/projects/rl-drop/rl-drop-back/server.php(21): require_once('/home/dmitriy/p...')
#35 {main}
"} 
